<?xml version="1.0" encoding="UTF-8"?>
<!-- Generated by org.testng.reporters.JUnitReportReporter -->
<testsuite skipped="0" hostname="DESKTOP-NPRSE40" name="Pack2.Class1" tests="4" failures="0" timestamp="03 Jul 2020 17:08:43 GMT" time="0.037" errors="0">
  <testcase name="m4" time="0.008" classname="Pack2.Class1"/>
  <testcase name="m1" time="0.018" classname="Pack2.Class1"/>
  <testcase name="m2" time="0.005" classname="Pack2.Class1"/>
  <testcase name="m3" time="0.006" classname="Pack2.Class1"/>
</testsuite> <!-- Pack2.Class1 -->
