<?xml version="1.0" encoding="UTF-8"?>
<!-- Generated by org.testng.reporters.JUnitReportReporter -->
<testsuite skipped="1" hostname="DESKTOP-NPRSE40" name="dataprovider.DataDemo" tests="1" failures="0" timestamp="13 Aug 2020 08:19:20 GMT" time="0.000" errors="0">
  <testcase name="m1" time="0.000" classname="dataprovider.DataDemo">
    <skipped/>
  </testcase> <!-- m1 -->
</testsuite> <!-- dataprovider.DataDemo -->
