<?xml version="1.0" encoding="UTF-8"?>
<!-- Generated by org.testng.reporters.JUnitReportReporter -->
<testsuite skipped="0" hostname="DESKTOP-NPRSE40" name="Pack2.Class2" tests="1" failures="0" timestamp="30 Jun 2020 18:35:36 GMT" time="0.005" errors="0">
  <testcase name="s2" time="0.005" classname="Pack2.Class2"/>
</testsuite> <!-- Pack2.Class2 -->
