<?xml version="1.0" encoding="UTF-8"?>
<!-- Generated by org.testng.reporters.JUnitReportReporter -->
<testsuite skipped="0" hostname="DESKTOP-NPRSE40" name="Pack2.ScreenshotDemo" tests="1" failures="0" timestamp="08 Jul 2020 16:51:18 GMT" time="23.305" errors="0">
  <testcase name="demo" time="23.305" classname="Pack2.ScreenshotDemo"/>
</testsuite> <!-- Pack2.ScreenshotDemo -->
